%このファイルは日本語文字を含みます.
\BOOKMARK [0][-]{chapter.2}{\376\377\000I\000n\000t\000r\000o\000d\000u\000c\000t\000i\000o\000n}{}% 1
\BOOKMARK [1][-]{section.3}{\376\377\000B\000a\000c\000k\000g\000r\000o\000u\000n\000d}{chapter.2}% 2
\BOOKMARK [1][-]{section.4}{\376\377\000O\000b\000j\000e\000c\000t\000i\000v\000e}{chapter.2}% 3
\BOOKMARK [1][-]{section.5}{\376\377\000R\000e\000s\000e\000a\000r\000c\000h\000\040\000Q\000u\000e\000s\000t\000i\000o\000n\000s}{chapter.2}% 4
\BOOKMARK [1][-]{section.6}{\376\377\000H\000y\000p\000o\000t\000h\000e\000s\000i\000s}{chapter.2}% 5
\BOOKMARK [1][-]{section.7}{\376\377\000T\000h\000e\000s\000i\000s\000\040\000O\000r\000g\000a\000n\000i\000z\000a\000t\000i\000o\000n}{chapter.2}% 6
\BOOKMARK [0][-]{chapter.8}{\376\377\000R\000e\000l\000a\000t\000e\000d\000\040\000W\000o\000r\000k}{}% 7
\BOOKMARK [1][-]{section.9}{\376\377\000O\000v\000e\000r\000v\000i\000e\000w}{chapter.8}% 8
\BOOKMARK [1][-]{section.10}{\376\377\000V\000i\000r\000t\000u\000a\000l\000\040\000E\000n\000v\000i\000r\000o\000n\000m\000e\000n\000t\000s}{chapter.8}% 9
\BOOKMARK [1][-]{section.11}{\376\377\000R\000e\000s\000e\000a\000r\000c\000h\000\040\000G\000a\000p\000\040\000a\000n\000d\000\040\000P\000o\000s\000i\000t\000i\000o\000n\000\040\000o\000f\000\040\000t\000h\000e\000\040\000P\000r\000e\000s\000e\000n\000t\000\040\000S\000t\000u\000d\000y}{chapter.8}% 10
\BOOKMARK [0][-]{chapter.12}{\376\377\000E\000x\000p\000e\000r\000i\000m\000e\000n\000t\000a\000l\000\040\000S\000e\000t\000u\000p}{}% 11
\BOOKMARK [1][-]{section.13}{\376\377\000E\000x\000p\000e\000r\000i\000m\000e\000n\000t\000a\000l\000\040\000O\000v\000e\000r\000v\000i\000e\000w}{chapter.12}% 12
\BOOKMARK [1][-]{section.14}{\376\377\000S\000y\000s\000t\000e\000m\000\040\000C\000o\000n\000f\000i\000g\000u\000r\000a\000t\000i\000o\000n}{chapter.12}% 13
\BOOKMARK [1][-]{section.15}{\376\377\000A\000p\000p\000a\000r\000a\000t\000u\000s}{chapter.12}% 14
\BOOKMARK [1][-]{section.16}{\376\377\000E\000x\000p\000e\000r\000i\000m\000e\000n\000t\000a\000l\000\040\000T\000a\000s\000k}{chapter.12}% 15
\BOOKMARK [1][-]{section.17}{\376\377\000E\000x\000p\000e\000r\000i\000m\000e\000n\000t\000a\000l\000\040\000S\000p\000a\000c\000e\000\040\000a\000n\000d\000\040\000L\000a\000y\000o\000u\000t}{chapter.12}% 16
\BOOKMARK [1][-]{section.18}{\376\377\000S\000t\000i\000m\000u\000l\000u\000s\000\040\000E\000v\000a\000l\000u\000a\000t\000i\000o\000n\000\040\000P\000r\000o\000c\000e\000d\000u\000r\000e}{chapter.12}% 17
\BOOKMARK [1][-]{section.19}{\376\377\000M\000e\000a\000s\000u\000r\000e\000s}{chapter.12}% 18
\BOOKMARK [1][-]{section.20}{\376\377\000S\000t\000i\000m\000u\000l\000u\000s\000\040\000E\000v\000a\000l\000u\000a\000t\000i\000o\000n\000\040\000R\000e\000s\000u\000l\000t\000s}{chapter.12}% 19
\BOOKMARK [0][-]{chapter.21}{\376\377\000E\000x\000p\000e\000r\000i\000m\000e\000n\000t\000\040\0001}{}% 20
\BOOKMARK [1][-]{section.22}{\376\377\000O\000b\000j\000e\000c\000t\000i\000v\000e}{chapter.21}% 21
\BOOKMARK [1][-]{section.23}{\376\377\000H\000y\000p\000o\000t\000h\000e\000s\000i\000s}{chapter.21}% 22
\BOOKMARK [1][-]{section.24}{\376\377\000P\000a\000r\000t\000i\000c\000i\000p\000a\000n\000t\000s}{chapter.21}% 23
\BOOKMARK [1][-]{section.25}{\376\377\000E\000x\000p\000e\000r\000i\000m\000e\000n\000t\000a\000l\000\040\000C\000o\000n\000d\000i\000t\000i\000o\000n\000s}{chapter.21}% 24
\BOOKMARK [1][-]{section.26}{\376\377\000P\000r\000o\000c\000e\000d\000u\000r\000e}{chapter.21}% 25
\BOOKMARK [1][-]{section.27}{\376\377\000M\000e\000a\000s\000u\000r\000e\000s}{chapter.21}% 26
\BOOKMARK [1][-]{section.28}{\376\377\000R\000e\000s\000u\000l\000t\000s}{chapter.21}% 27
\BOOKMARK [1][-]{section.29}{\376\377\000D\000i\000s\000c\000u\000s\000s\000i\000o\000n}{chapter.21}% 28
\BOOKMARK [0][-]{chapter.30}{\376\377\000D\000i\000s\000c\000u\000s\000s\000i\000o\000n}{}% 29
\BOOKMARK [1][-]{section.31}{\376\377\000S\000u\000m\000m\000a\000r\000y\000\040\000o\000f\000\040\000F\000i\000n\000d\000i\000n\000g\000s}{chapter.30}% 30
\BOOKMARK [1][-]{section.32}{\376\377\000I\000n\000t\000e\000g\000r\000a\000t\000e\000d\000\040\000D\000i\000s\000c\000u\000s\000s\000i\000o\000n}{chapter.30}% 31
\BOOKMARK [1][-]{section.33}{\376\377\000I\000m\000p\000l\000i\000c\000a\000t\000i\000o\000n\000s}{chapter.30}% 32
\BOOKMARK [1][-]{section.34}{\376\377\000L\000i\000m\000i\000t\000a\000t\000i\000o\000n\000s}{chapter.30}% 33
\BOOKMARK [0][-]{chapter.35}{\376\377\000C\000o\000n\000c\000l\000u\000s\000i\000o\000n}{}% 34
\BOOKMARK [1][-]{section.36}{\376\377\000S\000u\000m\000m\000a\000r\000y}{chapter.35}% 35
\BOOKMARK [1][-]{section.37}{\376\377\000C\000o\000n\000t\000r\000i\000b\000u\000t\000i\000o\000n\000s}{chapter.35}% 36
\BOOKMARK [1][-]{section.38}{\376\377\000F\000u\000t\000u\000r\000e\000\040\000W\000o\000r\000k}{chapter.35}% 37
\BOOKMARK [0][-]{section*.39}{\376\377\000A\000c\000k\000n\000o\000w\000l\000e\000d\000g\000e\000m\000e\000n\000t\000s}{}% 38
\BOOKMARK [0][-]{section*.40}{\376\377\000R\000e\000f\000e\000r\000e\000n\000c\000e\000s}{}% 39
\BOOKMARK [0][-]{section*.41}{\376\377\000R\000e\000s\000e\000a\000r\000c\000h\000\040\000A\000c\000h\000i\000e\000v\000e\000m\000e\000n\000t\000s}{}% 40
